2024-11-06 18:40:52 - User logged out: 681391478605479948
2024-11-06 19:19:00 - User logged out: 681391478605479948
2024-11-08 14:14:44 - User logged out: 681391478605479948
2024-11-08 19:48:02 - User logged out: 681391478605479948
2024-11-08 19:58:01 - User logged out: 681391478605479948
2024-11-08 20:00:57 - User logged out: 681391478605479948
2024-11-08 20:08:32 - User logged out: 681391478605479948
2024-11-08 20:25:42 - User logged out: 681391478605479948
2024-11-08 20:41:07 - User logged out: 681391478605479948
2024-11-08 20:44:40 - User logged out: 681391478605479948
2024-11-08 20:44:50 - User logged out: 681391478605479948
2024-11-08 20:48:22 - User logged out: 681391478605479948
2024-11-08 20:48:34 - User logged out: 681391478605479948
2024-11-08 20:52:42 - User logged out: 681391478605479948
2024-11-08 20:52:54 - User logged out: 681391478605479948
2024-11-08 20:53:02 - User logged out: 681391478605479948
2024-11-08 20:53:11 - User logged out: 681391478605479948
2024-11-08 20:55:10 - User logged out: 681391478605479948
2024-11-08 21:15:55 - User logged out: 681391478605479948
2024-11-08 21:16:07 - User logged out: 681391478605479948
2024-11-08 21:16:16 - User logged out: 681391478605479948
2024-11-08 21:18:02 - User logged out: 681391478605479948
2024-11-08 21:20:12 - User logged out: 681391478605479948
2024-11-08 21:20:22 - User logged out: 681391478605479948
2024-11-08 21:20:58 - User logged out: 681391478605479948
2024-11-08 21:21:41 - User logged out: 681391478605479948
2024-11-08 21:21:49 - User logged out: 681391478605479948
2024-11-08 21:21:58 - User logged out: 681391478605479948
2024-11-08 21:23:01 - User logged out: 681391478605479948
2024-11-08 21:36:17 - User logged out: 681391478605479948
2024-11-08 21:44:13 - User logged out: 681391478605479948
2024-11-08 21:46:12 - User logged out: 681391478605479948
2024-11-08 21:46:25 - User logged out: 681391478605479948
2024-11-08 21:47:25 - User logged out: 681391478605479948
2024-11-08 21:48:49 - User logged out: 681391478605479948
2024-11-08 21:49:00 - User logged out: 681391478605479948
2024-11-08 21:49:30 - User logged out: 681391478605479948
2024-11-08 22:28:36 - User logged out: 681391478605479948
2024-11-08 22:30:49 - User logged out: 681391478605479948
2024-11-08 22:31:34 - User logged out: 681391478605479948
2024-11-08 22:33:59 - User logged out: 681391478605479948
2024-11-08 22:35:58 - User logged out: 681391478605479948
2024-11-08 22:38:51 - User logged out: 681391478605479948
2024-11-08 22:42:10 - User logged out: 681391478605479948
2024-11-08 22:42:54 - User logged out: 681391478605479948
2024-11-08 22:43:11 - User logged out: 681391478605479948
2024-11-08 22:44:49 - User logged out: 681391478605479948
2024-11-08 22:47:20 - User logged out: 681391478605479948
2024-11-08 22:48:24 - User logged out: 681391478605479948
2024-11-08 22:52:07 - User logged out: 681391478605479948
2024-11-08 22:52:59 - User logged out: 681391478605479948
2024-11-08 22:56:30 - User logged out: 681391478605479948
2024-11-08 22:59:55 - User logged out: 681391478605479948
2024-11-08 23:00:27 - User logged out: 681391478605479948
2024-11-08 23:01:55 - User logged out: 681391478605479948
2024-11-09 09:28:27 - User logged out: 681391478605479948
2024-11-09 09:32:41 - User logged out: 681391478605479948
2024-11-09 09:34:43 - User logged out: 681391478605479948
2024-11-09 10:04:32 - User logged out: 681391478605479948
2024-11-09 11:42:43 - User logged out: 
2024-11-09 13:03:57 - User logged out: 681391478605479948
2024-11-09 13:15:34 - User logged out: 681391478605479948
2024-11-09 13:15:55 - User logged out: 681391478605479948
2024-11-09 13:18:27 - User logged out: 681391478605479948
2024-11-09 13:19:06 - User logged out: 681391478605479948
2024-11-09 13:25:37 - User logged out: 681391478605479948
2024-11-09 16:20:19 - User logged out: 
2024-11-09 16:21:51 - User logged out: 681391478605479948
2024-11-09 16:22:41 - User logged out: 681391478605479948
2024-11-09 16:30:52 - User logged out: 681391478605479948
2024-11-09 16:31:23 - User logged out: 681391478605479948
2024-11-09 16:31:42 - User logged out: 681391478605479948
2024-11-09 16:35:16 - User logged out: 681391478605479948
2024-11-09 16:40:08 - User logged out: 681391478605479948
2024-11-09 16:40:41 - User logged out: 681391478605479948
2024-11-14 15:57:56 - User logged out: 681391478605479948
2024-11-14 16:01:31 - User logged out: 681391478605479948
2024-11-14 16:02:34 - User logged out: 681391478605479948
2024-11-14 16:03:02 - User logged out: 681391478605479948
2024-11-14 16:16:58 - User logged out: 681391478605479948
2024-11-14 16:18:20 - User logged out: 681391478605479948
2024-11-15 03:30:11 - User logged out: 681391478605479948
2024-11-15 03:41:53 - User logged out: 681391478605479948
2024-11-15 03:58:29 - User logged out: 681391478605479948
2024-11-15 04:17:19 - User logged out: 681391478605479948
2024-11-15 04:22:55 - User logged out: 681391478605479948
2024-11-15 04:24:46 - User logged out: 681391478605479948
2024-11-15 04:40:34 - User logged out: 681391478605479948
2024-11-15 12:33:09 - User logged out: 681391478605479948
2024-11-15 12:34:56 - User logged out: 
2024-11-15 12:35:27 - User logged out: 681391478605479948
2024-11-15 13:01:17 - User logged out: 681391478605479948
2024-11-15 13:17:41 - User logged out: 681391478605479948
2024-11-15 13:30:37 - User logged out: 681391478605479948
2024-11-15 13:32:02 - User logged out: 681391478605479948
2024-11-15 14:01:27 - User logged out: 681391478605479948
2024-11-15 14:05:38 - User logged out: 681391478605479948
2024-11-15 14:07:06 - User logged out: 681391478605479948
2024-11-15 14:35:43 - User logged out: 681391478605479948
2024-11-15 14:36:09 - User logged out: 681391478605479948
2024-11-15 14:36:28 - User logged out: 681391478605479948
2024-11-15 14:38:53 - User logged out: 681391478605479948
2024-11-15 15:12:21 - User logged out: 681391478605479948
2024-11-15 15:14:43 - User logged out: 681391478605479948
2024-11-15 15:16:25 - User logged out: 681391478605479948
2024-11-15 15:17:46 - User logged out: 681391478605479948
2024-11-15 15:38:53 - User logged out: 681391478605479948
2024-11-15 16:05:23 - User logged out: 681391478605479948
2024-11-15 16:18:27 - User logged out: 681391478605479948
2024-11-15 16:18:43 - User logged out: 681391478605479948
2024-11-15 16:48:20 - User logged out: 681391478605479948
2024-11-15 16:48:27 - User logged out: 681391478605479948
2024-11-15 16:50:20 - User logged out: 681391478605479948
2024-11-15 16:57:08 - User logged out: 681391478605479948
2024-11-16 00:37:42 - User logged out: 681391478605479948
2024-11-21 11:31:38 - User logged out: 681391478605479948
2024-11-21 11:37:09 - User logged out: 681391478605479948
2024-11-21 11:43:42 - User logged out: 681391478605479948
2024-11-21 11:45:45 - User logged out: 681391478605479948
2024-11-21 14:33:58 - User logged out: 681391478605479948
2024-11-22 01:36:46 - User logged out: 681391478605479948
2024-11-23 12:30:56 - User logged out: 681391478605479948
2024-11-23 15:01:16 - User logged out: 681391478605479948
2024-11-23 15:11:41 - User logged out: 681391478605479948
2024-11-23 15:31:45 - User logged out: 681391478605479948
2024-11-23 22:35:54 - User logged out: 681391478605479948
2024-11-23 23:53:57 - User logged out: 681391478605479948
2024-11-25 02:13:55 - User logged out: 681391478605479948
2024-11-25 13:16:52 - User logged out: 681391478605479948
2024-12-08 20:20:40 - User logged out: 681391478605479948
2024-12-08 20:37:04 - User logged out: 681391478605479948
2024-12-08 20:37:12 - User 681391478605479948 is not a member of guild VOTRE_GUILD_ID
2024-12-08 20:38:30 - User logged out: 681391478605479948
2024-12-08 20:41:02 - User logged out: 681391478605479948
2024-12-08 20:41:07 - Failed to retrieve member information for user 681391478605479948 in guild 843133453713408021
2024-12-08 20:42:37 - User logged out: 681391478605479948
2024-12-08 20:42:43 - Failed to retrieve member information for user 681391478605479948 in guild 843133453713408021
2024-12-08 20:43:43 - User logged out: 681391478605479948
2024-12-08 20:43:48 - cURL Error: SSL certificate problem: unable to get local issuer certificate
2024-12-08 20:45:03 - User logged out: 681391478605479948
2024-12-08 20:45:08 - cURL Error: SSL certificate problem: unable to get local issuer certificate
2024-12-08 20:45:08 - cURL Verbose Output: * Host discord.com:443 was resolved.
2024-12-08 20:47:00 - Invalid or missing state parameter. State: c744c4fa3c1a7e80e05837b3844e5da3
2024-12-08 20:47:05 - User logged out: 681391478605479948
2024-12-08 20:47:13 - Discord API responded with HTTP code 401: {"message": "401: Unauthorized", "code": 0}
2024-12-08 20:47:13 - cURL Verbose Output: 
2024-12-08 20:47:44 - User logged out: 681391478605479948
2024-12-08 20:47:49 - Discord API responded with HTTP code 401: {"message": "401: Unauthorized", "code": 0}
2024-12-08 20:47:49 - cURL Verbose Output: * Host discord.com:443 was resolved.
* ALPN: curl offers h2,http/1.1
* SSL connection using TLSv1.3 / TLS_AES_256_GCM_SHA384 / X25519 / id-ecPublicKey
* ALPN: server accepted h2
* Server certificate:
*  subject: CN=discord.com
*  start date: Nov 17 00:07:46 2024 GMT
*  expire date: Feb 15 00:07:45 2025 GMT
*  issuer: C=US; O=Google Trust Services; CN=WE1
*  SSL certificate verify result: unable to get local issuer certificate (20), continuing anyway.
*   Certificate level 0: Public key type EC/prime256v1 (256/128 Bits/secBits), signed using ecdsa-with-SHA256
*   Certificate level 1: Public key type EC/prime256v1 (256/128 Bits/secBits), signed using ecdsa-with-SHA384
*   Certificate level 2: Public key type EC/secp384r1 (384/192 Bits/secBits), signed using sha256WithRSAEncryption
* using HTTP/2
* [HTTP/2] [1] OPENED stream for https://discord.com/api/v10/guilds/843133453713408021/members/681391478605479948
* [HTTP/2] [1] [:method: GET]
* [HTTP/2] [1] [:scheme: https]
* [HTTP/2] [1] [:authority: discord.com]
* [HTTP/2] [1] [:path: /api/v10/guilds/843133453713408021/members/681391478605479948]
* [HTTP/2] [1] [accept: */*]
* [HTTP/2] [1] [authorization: Bot ]
* [HTTP/2] [1] [content-type: application/json]
> GET /api/v10/guilds/843133453713408021/members/681391478605479948 HTTP/2
Host: discord.com
Accept: */*
Authorization: Bot 
Content-Type: application/json
* Request completely sent off
* old SSL session ID is stale, removing
< HTTP/2 401 
< date: Sun, 08 Dec 2024 20:47:48 GMT
< content-type: application/json
< content-length: 43
< set-cookie: __dcfduid=af557c96b5a511efb264022035580acd; Expires=Fri, 07-Dec-2029 20:47:48 GMT; Max-Age=157680000; Secure; HttpOnly; Path=/; SameSite=Lax
< strict-transport-security: max-age=31536000; includeSubDomains; preload
< via: 1.1 google
< alt-svc: h3=":443"; ma=86400
< cf-cache-status: BYPASS
< report-to: {"endpoints":[{"url":"https:\/\/a.nel.cloudflare.com\/report\/v4?s=4as0ESqTjQtqVM6218mQW0KvDFsGZ0aw%2BhC%2Fw5%2FYFjSLQjbyordVsLORO1Dy%2Bi1AuoueiOf7tHFlJ3m235rlzHzFzF5VnLfS5V1jZg0dqri90B29Mp958i5%2B%2FCL%2F"}],"group":"cf-nel","max_age":604800}
< nel: {"success_fraction":0,"report_to":"cf-nel","max_age":604800}
< x-content-type-options: nosniff
< content-security-policy: frame-ancestors 'none'; default-src 'none'
< set-cookie: __sdcfduid=af557c96b5a511efb264022035580acd0c5c5f01425dd68cac7f99bdf584cd0a1e399fae5266d584fc90986d43b9402e; Expires=Fri, 07-Dec-2029 20:47:48 GMT; Max-Age=157680000; Secure; HttpOnly; Path=/; SameSite=Lax
< set-cookie: __cfruid=bb021a63e1a5b45b2710f2fc66b04a2fc3d76a51-1733690868; path=/; domain=.discord.com; HttpOnly; Secure; SameSite=None
< set-cookie: _cfuvid=mIgBXl6RaB2pU.F7Qnjq9_Os2uQEBXkvOJP7Nj5qIzU-1733690868841-0.0.1.1-604800000; path=/; domain=.discord.com; HttpOnly; Secure; SameSite=None
< server: cloudflare
< cf-ray: 8eef9cd91bf62dd6-BRU
< 
* Connection #0 to host discord.com left intact

2024-12-08 20:51:17 - User logged out: 681391478605479948
2024-12-08 20:51:24 - Discord API responded with HTTP code 401: {"message": "401: Unauthorized", "code": 0}
2024-12-08 20:51:24 - cURL Verbose Output: * Host discord.com:443 was resolved.
* ALPN: curl offers h2,http/1.1
* SSL connection using TLSv1.3 / TLS_AES_256_GCM_SHA384 / X25519 / id-ecPublicKey
* ALPN: server accepted h2
* Server certificate:
*  subject: CN=discord.com
*  start date: Nov 17 00:07:46 2024 GMT
*  expire date: Feb 15 00:07:45 2025 GMT
*  issuer: C=US; O=Google Trust Services; CN=WE1
*  SSL certificate verify result: unable to get local issuer certificate (20), continuing anyway.
*   Certificate level 0: Public key type EC/prime256v1 (256/128 Bits/secBits), signed using ecdsa-with-SHA256
*   Certificate level 1: Public key type EC/prime256v1 (256/128 Bits/secBits), signed using ecdsa-with-SHA384
*   Certificate level 2: Public key type EC/secp384r1 (384/192 Bits/secBits), signed using sha256WithRSAEncryption
* using HTTP/2
* [HTTP/2] [1] OPENED stream for https://discord.com/api/v10/guilds/843133453713408021/members/681391478605479948
* [HTTP/2] [1] [:method: GET]
* [HTTP/2] [1] [:scheme: https]
* [HTTP/2] [1] [:authority: discord.com]
* [HTTP/2] [1] [:path: /api/v10/guilds/843133453713408021/members/681391478605479948]
* [HTTP/2] [1] [accept: */*]
* [HTTP/2] [1] [authorization: Bot ]
* [HTTP/2] [1] [content-type: application/json]
> GET /api/v10/guilds/843133453713408021/members/681391478605479948 HTTP/2
Host: discord.com
Accept: */*
Authorization: Bot 
Content-Type: application/json
* Request completely sent off
* old SSL session ID is stale, removing
< HTTP/2 401 
< date: Sun, 08 Dec 2024 20:51:23 GMT
< content-type: application/json
< content-length: 43
< set-cookie: __dcfduid=2f76ab34b5a611efb51d765ca3a4418a; Expires=Fri, 07-Dec-2029 20:51:23 GMT; Max-Age=157680000; Secure; HttpOnly; Path=/; SameSite=Lax
< strict-transport-security: max-age=31536000; includeSubDomains; preload
< via: 1.1 google
< alt-svc: h3=":443"; ma=86400
< cf-cache-status: BYPASS
< report-to: {"endpoints":[{"url":"https:\/\/a.nel.cloudflare.com\/report\/v4?s=8yzfjyKrS2u4OoWnX6%2B4svGgt1qhKt%2FkITfB%2FF0fXKCPejDSfHQB8mbS6vaetsJw%2FUBHtmDWY5xsjjE5vy3bTAhwKOMnw7hIbDe4bEhoHXMPFpE4yiMdMizMfwgb"}],"group":"cf-nel","max_age":604800}
< nel: {"success_fraction":0,"report_to":"cf-nel","max_age":604800}
< x-content-type-options: nosniff
< content-security-policy: frame-ancestors 'none'; default-src 'none'
< set-cookie: __sdcfduid=2f76ab34b5a611efb51d765ca3a4418a82fb3a17884ef2f951e246159167b368b723b37fc9e18cbf5883ae10b5a97c19; Expires=Fri, 07-Dec-2029 20:51:23 GMT; Max-Age=157680000; Secure; HttpOnly; Path=/; SameSite=Lax
< set-cookie: __cfruid=359edf7bc6b18f25d2c2ac000742a3dfbcb8f0cb-1733691083; path=/; domain=.discord.com; HttpOnly; Secure; SameSite=None
< set-cookie: _cfuvid=SovT_qpxmCpCcPKucZKR3ER8XZu00Qgtqoc.i26aURM-1733691083792-0.0.1.1-604800000; path=/; domain=.discord.com; HttpOnly; Secure; SameSite=None
< server: cloudflare
< cf-ray: 8eefa218bef3b76f-BRU
< 
* Connection #0 to host discord.com left intact

2024-12-08 20:53:02 - User logged out: 681391478605479948
2024-12-08 21:02:01 - User logged out: 681391478605479948
2024-12-08 21:02:25 - User logged out: 681391478605479948
2024-12-08 21:02:31 - User 681391478605479948 does not have authorized roles in guild 843133453713408021
2024-12-08 21:03:23 - User logged out: 681391478605479948
2024-12-08 21:03:33 - User 681391478605479948 does not have authorized roles in guild 843133453713408021
2024-12-08 21:03:46 - User logged out: 681391478605479948
2024-12-08 21:03:55 - User 681391478605479948 does not have authorized roles in guild 843133453713408021
2024-12-08 21:04:19 - User logged out: 681391478605479948
2024-12-08 21:04:27 - User 681391478605479948 does not have authorized roles in guild 843133453713408021
2024-12-08 21:12:00 - User logged out: 681391478605479948
2024-12-08 21:12:06 - User 681391478605479948 does not have authorized roles in guild 843133453713408021
2024-12-08 21:12:45 - User logged out: 681391478605479948
2024-12-08 21:12:50 - User 681391478605479948 does not have authorized roles in guild 843133453713408021
2024-12-08 21:13:01 - User logged out: 681391478605479948
2024-12-08 21:13:07 - User 681391478605479948 does not have authorized roles in guild 843133453713408021
2024-12-08 21:15:02 - User logged out: 681391478605479948
2024-12-08 21:18:04 - User logged out: 681391478605479948
2024-12-08 21:20:48 - User logged out: 681391478605479948
2024-12-08 21:23:13 - User logged out: 681391478605479948
2024-12-08 21:23:34 - User logged out: 681391478605479948
2024-12-08 21:23:39 - User 681391478605479948 does not have authorized roles in guild 843133453713408021
2024-12-08 21:29:25 - User logged out: 681391478605479948
2024-12-08 21:30:12 - User logged out: 681391478605479948
2024-12-08 21:31:58 - User logged out: 681391478605479948
2024-12-08 22:00:53 - User 681391478605479948 is not a member of guild 84313345371340821
2024-12-08 22:01:07 - User logged out: 681391478605479948
2024-12-08 22:01:36 - User logged out: 681391478605479948
2024-12-08 22:01:41 - User 681391478605479948 is not a member of guild 84313321
2024-12-08 22:04:38 - User logged out: 681391478605479948
2024-12-08 22:04:48 - User logged out: 681391478605479948
2024-12-08 22:06:12 - User logged out: 681391478605479948
2024-12-08 22:09:05 - User logged out: 681391478605479948
2024-12-09 15:59:47 - User logged out: 681391478605479948
2024-12-09 17:04:59 - User logged out: 681391478605479948
2024-12-09 22:22:28 - User logged out: 681391478605479948
2024-12-09 22:31:41 - User logged out: 681391478605479948
2024-12-09 22:51:42 - User logged out: 681391478605479948
2024-12-11 02:41:38 - User logged out: 681391478605479948
2024-12-12 16:57:20 - User logged out: 681391478605479948
2024-12-12 18:18:28 - User logged out: 681391478605479948
2024-12-15 21:41:55 - User logged out: 681391478605479948
2024-12-16 13:29:55 - User logged out: 681391478605479948
2024-12-17 10:46:14 - User logged out: 681391478605479948
2024-12-17 10:51:21 - User logged out: 681391478605479948
2024-12-17 18:02:24 - User logged out: 681391478605479948
2024-12-18 15:31:52 - User logged out: 681391478605479948
2024-12-18 15:47:43 - User logged out: 681391478605479948
2024-12-18 16:17:22 - User logged out: 681391478605479948
2024-12-18 17:02:14 - User logged out: 681391478605479948
2024-12-18 17:04:46 - User logged out: 681391478605479948
2024-12-18 17:06:05 - User logged out: 681391478605479948
2024-12-18 17:13:22 - User logged out: 681391478605479948
2024-12-18 19:12:53 - User logged out: 681391478605479948
2024-12-18 22:19:21 - User logged out: 681391478605479948
2024-12-19 01:04:30 - User logged out: 681391478605479948
2024-12-19 01:07:13 - Failed to connect to token endpoint.
2024-12-19 01:07:20 - Invalid or missing state parameter. State: 75d1ad9545cad0d5ca2cff649fe44d1b
2024-12-19 01:07:21 - Invalid or missing state parameter. State: 75d1ad9545cad0d5ca2cff649fe44d1b
2024-12-19 01:07:26 - User logged out: 681391478605479948
2024-12-19 01:07:30 - Invalid or missing state parameter. State: 55e640e7528bc33ecefaf97c71cf2efc
2024-12-19 01:07:34 - Failed to connect to token endpoint.
2024-12-19 01:07:53 - Failed to connect to token endpoint.
2024-12-19 01:08:27 - Invalid or missing state parameter. State: 5f01447a098807d5c301e3f3e9dd71f6
2024-12-19 01:24:39 - User logged out: 681391478605479948
2024-12-19 01:37:47 - User logged out: 681391478605479948
2024-12-19 15:02:37 - User logged out: 681391478605479948
2024-12-19 15:02:51 - User logged out: 681391478605479948
2024-12-19 15:11:51 - User logged out: 681391478605479948
2024-12-20 21:52:48 - User logged out: 681391478605479948
2024-12-20 21:53:31 - User logged out: 681391478605479948
2024-12-21 15:54:05 - User logged out: 681391478605479948
2024-12-21 22:50:34 - User logged out: 681391478605479948
2024-12-23 15:37:18 - User logged out: 681391478605479948
2024-12-23 17:45:19 - User logged out: 681391478605479948
2024-12-23 20:11:07 - User logged out: 681391478605479948
2024-12-23 21:06:09 - User logged out: 681391478605479948
2024-12-23 21:06:45 - User logged out: 681391478605479948
2024-12-25 01:19:29 - User logged out: 681391478605479948
2024-12-25 01:20:29 - User logged out: 681391478605479948
2024-12-28 23:21:38 - User logged out: 681391478605479948
2024-12-28 23:21:52 - Invalid or missing state parameter. State: eb4271d6a97e762fc7bbb0be57a91f7d
